# JRE version: Java(TM) SE Runtime Environment (14.0+36) (build 14+36-1461)
# Java VM: Java HotSpot(TM) 64-Bit Server VM (14+36-1461, mixed mode, sharing, tiered, compressed oops, g1 gc, windows-amd64)
Heap:
 garbage-first heap   total 157696K, used 13192K [0x0000000081a00000, 0x0000000100000000)
  region size 1024K, 7 young (7168K), 7 survivors (7168K)
 Metaspace       used 18624K, capacity 19989K, committed 20224K, reserved 1067008K
  class space    used 2496K, capacity 2767K, committed 2816K, reserved 1048576K
GC Heap History (11 events):
Event: 0.897 GC heap before
{Heap before GC invocations=0 (full 0):
 garbage-first heap   total 131072K, used 13312K [0x0000000081a00000, 0x0000000100000000)
  region size 1024K, 13 young (13312K), 0 survivors (0K)
 Metaspace       used 511K, capacity 4780K, committed 5120K, reserved 1056768K
  class space    used 27K, capacity 424K, committed 512K, reserved 1048576K
}
Event: 0.914 GC heap after
{Heap after GC invocations=1 (full 0):
 garbage-first heap   total 131072K, used 5227K [0x0000000081a00000, 0x0000000100000000)
  region size 1024K, 2 young (2048K), 2 survivors (2048K)
 Metaspace       used 511K, capacity 4780K, committed 5120K, reserved 1056768K
  class space    used 27K, capacity 424K, committed 512K, reserved 1048576K
}
Event: 1.589 GC heap before
{Heap before GC invocations=1 (full 0):
 garbage-first heap   total 131072K, used 17515K [0x0000000081a00000, 0x0000000100000000)
  region size 1024K, 14 young (14336K), 2 survivors (2048K)
 Metaspace       used 2629K, capacity 5886K, committed 6016K, reserved 1056768K
  class space    used 302K, capacity 562K, committed 640K, reserved 1048576K
}
Event: 1.596 GC heap after
{Heap after GC invocations=2 (full 0):
 garbage-first heap   total 131072K, used 6616K [0x0000000081a00000, 0x0000000100000000)
  region size 1024K, 2 young (2048K), 2 survivors (2048K)
 Metaspace       used 2629K, capacity 5886K, committed 6016K, reserved 1056768K
  class space    used 302K, capacity 562K, committed 640K, reserved 1048576K
}
Event: 2.001 GC heap before
{Heap before GC invocations=2 (full 0):
 garbage-first heap   total 131072K, used 29144K [0x0000000081a00000, 0x0000000100000000)
  region size 1024K, 24 young (24576K), 2 survivors (2048K)
 Metaspace       used 3824K, capacity 6663K, committed 6912K, reserved 1056768K
  class space    used 468K, capacity 676K, committed 768K, reserved 1048576K
}
Event: 2.007 GC heap after
{Heap after GC invocations=3 (full 0):
 garbage-first heap   total 131072K, used 6993K [0x0000000081a00000, 0x0000000100000000)
  region size 1024K, 2 young (2048K), 2 survivors (2048K)
 Metaspace       used 3824K, capacity 6663K, committed 6912K, reserved 1056768K
  class space    used 468K, capacity 676K, committed 768K, reserved 1048576K
}
Event: 5.326 GC heap before
{Heap before GC invocations=3 (full 0):
 garbage-first heap   total 131072K, used 82769K [0x0000000081a00000, 0x0000000100000000)
  region size 1024K, 76 young (77824K), 2 survivors (2048K)
 Metaspace       used 12158K, capacity 13510K, committed 13568K, reserved 1060864K
  class space    used 1579K, capacity 1771K, committed 1792K, reserved 1048576K
}
Event: 5.337 GC heap after
{Heap after GC invocations=4 (full 0):
 garbage-first heap   total 131072K, used 9100K [0x0000000081a00000, 0x0000000100000000)
  region size 1024K, 4 young (4096K), 4 survivors (4096K)
 Metaspace       used 12158K, capacity 13510K, committed 13568K, reserved 1060864K
  class space    used 1579K, capacity 1771K, committed 1792K, reserved 1048576K
}
Event: 7.198 GC heap before
{Heap before GC invocations=4 (full 0):
 garbage-first heap   total 131072K, used 81804K [0x0000000081a00000, 0x0000000100000000)
  region size 1024K, 76 young (77824K), 4 survivors (4096K)
 Metaspace       used 16770K, capacity 18039K, committed 18176K, reserved 1064960K
  class space    used 2220K, capacity 2450K, committed 2560K, reserved 1048576K
}
Event: 7.211 GC heap after
{Heap after GC invocations=5 (full 0):
 garbage-first heap   total 131072K, used 11666K [0x0000000081a00000, 0x0000000100000000)
  region size 1024K, 7 young (7168K), 7 survivors (7168K)
 Metaspace       used 16770K, capacity 18039K, committed 18176K, reserved 1064960K
  class space    used 2220K, capacity 2450K, committed 2560K, reserved 1048576K
}
Event: 8.879 GC heap before
{Heap before GC invocations=5 (full 0):
 garbage-first heap   total 131072K, used 82322K [0x0000000081a00000, 0x0000000100000000)
  region size 1024K, 76 young (77824K), 7 survivors (7168K)
 Metaspace       used 18624K, capacity 19989K, committed 20224K, reserved 1067008K
  class space    used 2496K, capacity 2767K, committed 2816K, reserved 1048576K
}

