# JRE version: Java(TM) SE Runtime Environment (14.0+36) (build 14+36-1461)
# Java VM: Java HotSpot(TM) 64-Bit Server VM (14+36-1461, mixed mode, sharing, tiered, compressed oops, g1 gc, windows-amd64)
Heap:
 garbage-first heap   total 150528K, used 86598K [0x0000000081a00000, 0x0000000100000000)
  region size 1024K, 17 young (17408K), 3 survivors (3072K)
 Metaspace       used 45664K, capacity 50372K, committed 50432K, reserved 1091584K
  class space    used 6240K, capacity 7911K, committed 7936K, reserved 1048576K
GC Heap History (20 events):
Event: 4708.229 GC heap before
{Heap before GC invocations=156 (full 21):
 garbage-first heap   total 140288K, used 118061K [0x0000000081a00000, 0x0000000100000000)
  region size 1024K, 52 young (53248K), 4 survivors (4096K)
 Metaspace       used 45433K, capacity 49952K, committed 50176K, reserved 1091584K
  class space    used 6217K, capacity 7819K, committed 7936K, reserved 1048576K
}
Event: 4708.238 GC heap after
{Heap after GC invocations=157 (full 21):
 garbage-first heap   total 140288K, used 67861K [0x0000000081a00000, 0x0000000100000000)
  region size 1024K, 3 young (3072K), 3 survivors (3072K)
 Metaspace       used 45433K, capacity 49952K, committed 50176K, reserved 1091584K
  class space    used 6217K, capacity 7819K, committed 7936K, reserved 1048576K
}
Event: 4727.900 GC heap before
{Heap before GC invocations=157 (full 21):
 garbage-first heap   total 140288K, used 74005K [0x0000000081a00000, 0x0000000100000000)
  region size 1024K, 10 young (10240K), 3 survivors (3072K)
 Metaspace       used 45436K, capacity 49958K, committed 50176K, reserved 1091584K
  class space    used 6217K, capacity 7821K, committed 7936K, reserved 1048576K
}
Event: 4728.243 GC heap after
{Heap after GC invocations=158 (full 22):
 garbage-first heap   total 140288K, used 66144K [0x0000000081a00000, 0x0000000100000000)
  region size 1024K, 0 young (0K), 0 survivors (0K)
 Metaspace       used 45436K, capacity 49958K, committed 50176K, reserved 1091584K
  class space    used 6217K, capacity 7821K, committed 7936K, reserved 1048576K
}
Event: 4731.609 GC heap before
{Heap before GC invocations=158 (full 22):
 garbage-first heap   total 140288K, used 116320K [0x0000000081a00000, 0x0000000100000000)
  region size 1024K, 50 young (51200K), 0 survivors (0K)
 Metaspace       used 45440K, capacity 49964K, committed 50176K, reserved 1091584K
  class space    used 6218K, capacity 7823K, committed 7936K, reserved 1048576K
}
Event: 4731.616 GC heap after
{Heap after GC invocations=159 (full 22):
 garbage-first heap   total 140288K, used 68970K [0x0000000081a00000, 0x0000000100000000)
  region size 1024K, 3 young (3072K), 3 survivors (3072K)
 Metaspace       used 45440K, capacity 49964K, committed 50176K, reserved 1091584K
  class space    used 6218K, capacity 7823K, committed 7936K, reserved 1048576K
}
Event: 4733.715 GC heap before
{Heap before GC invocations=160 (full 22):
 garbage-first heap   total 140288K, used 101738K [0x0000000081a00000, 0x0000000100000000)
  region size 1024K, 37 young (37888K), 3 survivors (3072K)
 Metaspace       used 45447K, capacity 49974K, committed 50176K, reserved 1091584K
  class space    used 6220K, capacity 7825K, committed 7936K, reserved 1048576K
}
Event: 4733.723 GC heap after
{Heap after GC invocations=161 (full 22):
 garbage-first heap   total 140288K, used 70111K [0x0000000081a00000, 0x0000000100000000)
  region size 1024K, 4 young (4096K), 4 survivors (4096K)
 Metaspace       used 45447K, capacity 49974K, committed 50176K, reserved 1091584K
  class space    used 6220K, capacity 7825K, committed 7936K, reserved 1048576K
}
Event: 4786.204 GC heap before
{Heap before GC invocations=162 (full 22):
 garbage-first heap   total 140288K, used 116191K [0x0000000081a00000, 0x0000000100000000)
  region size 1024K, 49 young (50176K), 4 survivors (4096K)
 Metaspace       used 45547K, capacity 50160K, committed 50432K, reserved 1091584K
  class space    used 6228K, capacity 7865K, committed 7936K, reserved 1048576K
}
Event: 4786.491 GC heap after
{Heap after GC invocations=163 (full 23):
 garbage-first heap   total 140288K, used 68462K [0x0000000081a00000, 0x0000000100000000)
  region size 1024K, 0 young (0K), 0 survivors (0K)
 Metaspace       used 45547K, capacity 50160K, committed 50432K, reserved 1091584K
  class space    used 6228K, capacity 7865K, committed 7936K, reserved 1048576K
}
Event: 4788.467 GC heap before
{Heap before GC invocations=163 (full 23):
 garbage-first heap   total 140288K, used 115566K [0x0000000081a00000, 0x0000000100000000)
  region size 1024K, 47 young (48128K), 0 survivors (0K)
 Metaspace       used 45551K, capacity 50166K, committed 50432K, reserved 1091584K
  class space    used 6229K, capacity 7867K, committed 7936K, reserved 1048576K
}
Event: 4788.474 GC heap after
{Heap after GC invocations=164 (full 23):
 garbage-first heap   total 140288K, used 71176K [0x0000000081a00000, 0x0000000100000000)
  region size 1024K, 3 young (3072K), 3 survivors (3072K)
 Metaspace       used 45551K, capacity 50166K, committed 50432K, reserved 1091584K
  class space    used 6229K, capacity 7867K, committed 7936K, reserved 1048576K
}
Event: 4790.229 GC heap before
{Heap before GC invocations=165 (full 23):
 garbage-first heap   total 140288K, used 108040K [0x0000000081a00000, 0x0000000100000000)
  region size 1024K, 40 young (40960K), 3 survivors (3072K)
 Metaspace       used 45559K, capacity 50176K, committed 50432K, reserved 1091584K
  class space    used 6230K, capacity 7869K, committed 7936K, reserved 1048576K
}
Event: 4790.236 GC heap after
{Heap after GC invocations=166 (full 23):
 garbage-first heap   total 140288K, used 72196K [0x0000000081a00000, 0x0000000100000000)
  region size 1024K, 4 young (4096K), 4 survivors (4096K)
 Metaspace       used 45559K, capacity 50176K, committed 50432K, reserved 1091584K
  class space    used 6230K, capacity 7869K, committed 7936K, reserved 1048576K
}
Event: 4856.307 GC heap before
{Heap before GC invocations=167 (full 23):
 garbage-first heap   total 140288K, used 117252K [0x0000000081a00000, 0x0000000100000000)
  region size 1024K, 47 young (48128K), 4 survivors (4096K)
 Metaspace       used 45656K, capacity 50356K, committed 50432K, reserved 1091584K
  class space    used 6237K, capacity 7907K, committed 7936K, reserved 1048576K
}
Event: 4856.319 GC heap after
{Heap after GC invocations=168 (full 23):
 garbage-first heap   total 140288K, used 72180K [0x0000000081a00000, 0x0000000100000000)
  region size 1024K, 3 young (3072K), 3 survivors (3072K)
 Metaspace       used 45656K, capacity 50356K, committed 50432K, reserved 1091584K
  class space    used 6237K, capacity 7907K, committed 7936K, reserved 1048576K
}
Event: 4905.463 GC heap before
{Heap before GC invocations=168 (full 23):
 garbage-first heap   total 140288K, used 85492K [0x0000000081a00000, 0x0000000100000000)
  region size 1024K, 17 young (17408K), 3 survivors (3072K)
 Metaspace       used 45658K, capacity 50362K, committed 50432K, reserved 1091584K
  class space    used 6238K, capacity 7909K, committed 7936K, reserved 1048576K
}
Event: 4905.777 GC heap after
{Heap after GC invocations=169 (full 24):
 garbage-first heap   total 140288K, used 70721K [0x0000000081a00000, 0x0000000100000000)
  region size 1024K, 0 young (0K), 0 survivors (0K)
 Metaspace       used 45658K, capacity 50362K, committed 50432K, reserved 1091584K
  class space    used 6238K, capacity 7909K, committed 7936K, reserved 1048576K
}
Event: 4907.758 GC heap before
{Heap before GC invocations=169 (full 24):
 garbage-first heap   total 140288K, used 117825K [0x0000000081a00000, 0x0000000100000000)
  region size 1024K, 46 young (47104K), 0 survivors (0K)
 Metaspace       used 45663K, capacity 50368K, committed 50432K, reserved 1091584K
  class space    used 6239K, capacity 7911K, committed 7936K, reserved 1048576K
}
Event: 4907.764 GC heap after
{Heap after GC invocations=170 (full 24):
 garbage-first heap   total 140288K, used 73286K [0x0000000081a00000, 0x0000000100000000)
  region size 1024K, 3 young (3072K), 3 survivors (3072K)
 Metaspace       used 45663K, capacity 50368K, committed 50432K, reserved 1091584K
  class space    used 6239K, capacity 7911K, committed 7936K, reserved 1048576K
}

